[debug] [2019-03-21T21:30:52.419Z] ----------------------------------------------------------------------
[debug] [2019-03-21T21:30:52.421Z] Command:       C:\Program Files\nodejs\node.exe C:\Users\Mauricio Arce\AppData\Roaming\npm\node_modules\firebase-tools\lib\bin\firebase.js serve --only functions
[debug] [2019-03-21T21:30:52.421Z] CLI Version:   6.5.0
[debug] [2019-03-21T21:30:52.421Z] Platform:      win32
[debug] [2019-03-21T21:30:52.421Z] Node Version:  v8.12.0
[debug] [2019-03-21T21:30:52.422Z] Time:          Thu Mar 21 2019 17:30:52 GMT-0400 (SA Western Standard Time)
[debug] [2019-03-21T21:30:52.422Z] ----------------------------------------------------------------------
[debug] 
[debug] [2019-03-21T21:30:52.430Z] > command requires scopes: ["email","openid","https://www.googleapis.com/auth/cloudplatformprojects.readonly","https://www.googleapis.com/auth/firebase","https://www.googleapis.com/auth/cloud-platform"]
[debug] [2019-03-21T21:30:52.431Z] > authorizing via signed-in user
[debug] [2019-03-21T21:30:52.431Z] [iam] checking project gp4techsite for permissions ["firebase.projects.get"]
[debug] [2019-03-21T21:30:52.433Z] > refreshing access token with scopes: ["email","https://www.googleapis.com/auth/cloud-platform","https://www.googleapis.com/auth/cloudplatformprojects.readonly","https://www.googleapis.com/auth/firebase","openid"]
[debug] [2019-03-21T21:30:52.433Z] >>> HTTP REQUEST POST https://www.googleapis.com/oauth2/v3/token  
 <request body omitted>
[debug] [2019-03-21T21:30:52.941Z] <<< HTTP RESPONSE 200
[debug] [2019-03-21T21:30:52.980Z] >>> HTTP REQUEST POST https://cloudresourcemanager.googleapis.com/v1/projects/gp4techsite:testIamPermissions  

[debug] [2019-03-21T21:30:53.586Z] <<< HTTP RESPONSE 200
[debug] [2019-03-21T21:30:53.587Z] >>> HTTP REQUEST GET https://cloudresourcemanager.googleapis.com/v1/projects/gp4techsite  
 
[debug] [2019-03-21T21:30:53.984Z] <<< HTTP RESPONSE 200
[info] 
[info] === Serving from 'D:\Workspace\website'...
[info] 
[info] i  functions: Preparing to emulate functions.
[debug] [2019-03-21T21:30:55.149Z] Fetching environment
[debug] [2019-03-21T21:30:55.153Z] >>> HTTP REQUEST GET https://mobilesdk-pa.googleapis.com/v1/projects/495759529553:getServerAppConfig  
 
[debug] [2019-03-21T21:30:55.734Z] <<< HTTP RESPONSE 200
[debug] [2019-03-21T21:30:55.735Z] Starting @google-cloud/functions-emulator
[debug] [2019-03-21T21:30:57.942Z] Parsing function triggers
[info] +  functions: updateBlogMetadata: http://localhost:5000/gp4techsite/us-central1/updateBlogMetadata
